<?xml version="1.0" encoding="UTF-8"?>
<testsuite name="starter.Runners.AddProductRunner" tests="0" skipped="0" failures="0" errors="0" timestamp="1970-01-01T00:00:00" hostname="FERCHO" time="0.0">
  <properties/>
  <system-out><![CDATA[21:59:05.537 [Test worker] DEBUG net.thucydides.core.guice.Injectors - Created injector for module net.thucydides.core.guice.ThucydidesModule
21:59:06.362 [Test worker] INFO io.cucumber.core.plugin.SerenityReporter - Running feature from file:///C:/Users/ferch/OneDrive/Documentos/REPOSITORIO/AtomationMYDEMOAPPMovil/serenitybdd-appium-poc-master/serenitybdd-appium-poc-master/src/test/resources/features/login/add_product.feature
21:59:07.127 [Test worker] DEBUG net.thucydides.core.guice.Injectors - Created injector for module net.thucydides.core.guice.webdriver.WebDriverModule
21:59:07.179 [Test worker] INFO  - 

-------------------------------------------------------------------------------------
     _______. _______ .______       _______ .__   __.  __  .___________.____    ____ 
    /       ||   ____||   _  \     |   ____||  \ |  | |  | |           |\   \  /   / 
   |   (----`|  |__   |  |_)  |    |  |__   |   \|  | |  | `---|  |----` \   \/   /  
    \   \    |   __|  |      /     |   __|  |  . `  | |  |     |  |       \_    _/   
.----)   |   |  |____ |  |\  \----.|  |____ |  |\   | |  |     |  |         |  |     
|_______/    |_______|| _| `._____||_______||__| \__| |__|     |__|         |__|    
                                                                                     
 News and tutorials at http://www.serenity-bdd.info                                  
 Documentation at https://wakaleo.gitbooks.io/the-serenity-book/content/             
 Join the Serenity Community on Gitter: https://gitter.im/serenity-bdd/serenity-core 
 Serenity BDD Support and Training at http://serenity-bdd.info/#/trainingandsupport  
-------------------------------------------------------------------------------------

21:59:07.196 [Test worker] DEBUG net.thucydides.core.steps.StepEventBus - Test suite started for story net.thucydides.core.model.Story@97bee676
21:59:07.203 [Test worker] INFO  - Test Suite Started: add the product to the shopping cart
21:59:07.289 [Test worker] INFO io.cucumber.core.plugin.SerenityReporter - Running feature from file:///C:/Users/ferch/OneDrive/Documentos/REPOSITORIO/AtomationMYDEMOAPPMovil/serenitybdd-appium-poc-master/serenitybdd-appium-poc-master/src/test/resources/features/login/add_product.feature
21:59:07.316 [Test worker] DEBUG net.thucydides.core.steps.StepEventBus - Test suite started for story net.thucydides.core.model.Story@97bee676
21:59:07.318 [Test worker] INFO  - Test Suite Started: add the product to the shopping cart
22:01:08.418 [Test worker] DEBUG net.thucydides.core.reports.ReportService - Reporting formats: [JSON, HTML]
22:01:08.869 [Test worker] DEBUG net.thucydides.core.reports.ReportService - Reporting formats: [JSON, HTML]
22:01:08.919 [Test worker] DEBUG net.thucydides.core.reports.ReportService - Generating reports for 1 test outcomes using: net.thucydides.core.reports.json.JSONTestOutcomeReporter@4eb34397
22:01:08.928 [pool-1-thread-1] DEBUG net.thucydides.core.reports.ReportService - Processing test outcome add the product to the shopping cart:the user buys a product that is displayed
22:01:08.929 [pool-1-thread-1] DEBUG net.thucydides.core.reports.ReportService - net.thucydides.core.reports.json.JSONTestOutcomeReporter@4eb34397: Generating report for test outcome: add the product to the shopping cart:the user buys a product that is displayed
22:01:08.978 [pool-1-thread-1] DEBUG net.thucydides.core.reports.json.JSONTestOutcomeReporter - Generating JSON report for the user buys a product that is displayed to file C:\Users\ferch\OneDrive\Documentos\REPOSITORIO\AtomationMYDEMOAPPMovil\serenitybdd-appium-poc-master\serenitybdd-appium-poc-master\target\site\serenity\7bd935f68e057db21a7130a61b390e95d0efaa0e4e6be782b25dfb3702bb2620.json (using temp file C:\Users\ferch\OneDrive\Documentos\REPOSITORIO\AtomationMYDEMOAPPMovil\serenitybdd-appium-poc-master\serenitybdd-appium-poc-master\target\site\serenity\7bd935f68e057db21a7130a61b390e95d0efaa0e4e6be782b25dfb3702bb2620.jsond82a3003-78d0-426e-a6df-003349f4b875)
22:01:09.094 [pool-1-thread-1] DEBUG net.thucydides.core.reports.ReportService - Processing test outcome add the product to the shopping cart:the user buys a product that is displayed done
22:01:09.095 [Test worker] DEBUG net.thucydides.core.reports.ReportService - Shutting down executor service
22:01:09.096 [Test worker] DEBUG net.thucydides.core.reports.ReportService - Reports generated in: 176 ms
22:01:09.096 [Test worker] DEBUG net.thucydides.core.reports.ReportService - Generating reports for 1 test outcomes using: net.thucydides.core.reports.html.HtmlAcceptanceTestReporter@62a07c01
22:01:09.101 [pool-2-thread-1] DEBUG net.thucydides.core.reports.ReportService - Processing test outcome add the product to the shopping cart:the user buys a product that is displayed
22:01:09.102 [pool-2-thread-1] DEBUG net.thucydides.core.reports.ReportService - net.thucydides.core.reports.html.HtmlAcceptanceTestReporter@62a07c01: Generating report for test outcome: add the product to the shopping cart:the user buys a product that is displayed
22:01:09.208 [pool-2-thread-1] DEBUG net.thucydides.core.requirements.FileSystemRequirementsTagProvider - Loading requirements from directory: C:\Users\ferch\OneDrive\Documentos\REPOSITORIO\AtomationMYDEMOAPPMovil\serenitybdd-appium-poc-master\serenitybdd-appium-poc-master\src\test\resources\features\login (C:\Users\ferch\OneDrive\Documentos\REPOSITORIO\AtomationMYDEMOAPPMovil\serenitybdd-appium-poc-master\serenitybdd-appium-poc-master\src\test\resources\features\login)
22:01:09.211 [pool-2-thread-1] DEBUG net.thucydides.core.requirements.FileSystemRequirementsTagProvider - Get requirements type for: C:\Users\ferch\OneDrive\Documentos\REPOSITORIO\AtomationMYDEMOAPPMovil\serenitybdd-appium-poc-master\serenitybdd-appium-poc-master\src\test\resources\features\login (C:\Users\ferch\OneDrive\Documentos\REPOSITORIO\AtomationMYDEMOAPPMovil\serenitybdd-appium-poc-master\serenitybdd-appium-poc-master\src\test\resources\features\login)
22:01:09.438 [AsyncHttpClient-1-1] DEBUG org.asynchttpclient.netty.channel.DefaultChannelPool - Entry count for : http://localhost:4723 : 1
22:01:10.542 [AsyncHttpClient-1-1] DEBUG org.asynchttpclient.netty.channel.DefaultChannelPool - Entry count for : http://localhost:4723 : 1
22:01:11.048 [pool-2-thread-1] DEBUG net.thucydides.core.reports.ReportService - Processing test outcome add the product to the shopping cart:the user buys a product that is displayed done
22:01:11.049 [Test worker] DEBUG net.thucydides.core.reports.ReportService - Shutting down executor service
22:01:11.050 [Test worker] DEBUG net.thucydides.core.reports.ReportService - Reports generated in: 1954 ms
22:01:11.350 [Test worker] DEBUG net.serenitybdd.core.photography.Darkroom - Closing darkroom
22:01:11.350 [Darkroom Processing Line] DEBUG net.serenitybdd.core.photography.DarkroomProcessingLine - Darkroom processing line shutting down
22:01:11.369 [Test worker] DEBUG net.serenitybdd.core.photography.Darkroom - Closing darkroom
]]></system-out>
  <system-err><![CDATA[?[32m?[1m??????????????????????????????????????????????????????????????????????????????????????[0m
?[32m?[1m??[0m Share your Cucumber Report with your team at ?[36m?[1m?[4mhttps://reports.cucumber.io?[0m          ?[32m?[1m??[0m
?[32m?[1m??[0m Activate publishing with one of the following:                                    ?[32m?[1m??[0m
?[32m?[1m??[0m                                                                                   ?[32m?[1m??[0m
?[32m?[1m??[0m src/test/resources/cucumber.properties:          ?[36mcucumber.publish.enabled?[0m=?[36mtrue?[0m    ?[32m?[1m??[0m
?[32m?[1m??[0m src/test/resources/junit-platform.properties:    ?[36mcucumber.publish.enabled?[0m=?[36mtrue?[0m    ?[32m?[1m??[0m
?[32m?[1m??[0m Environment variable:                            ?[36mCUCUMBER_PUBLISH_ENABLED?[0m=?[36mtrue?[0m    ?[32m?[1m??[0m
?[32m?[1m??[0m JUnit:                                           ?[36m@CucumberOptions?[0m(publish = ?[36mtrue?[0m) ?[32m?[1m??[0m
?[32m?[1m??[0m                                                                                   ?[32m?[1m??[0m
?[32m?[1m??[0m More information at ?[36mhttps://cucumber.io/docs/cucumber/environment-variables/?[0m      ?[32m?[1m??[0m
?[32m?[1m??[0m                                                                                   ?[32m?[1m??[0m
?[32m?[1m??[0m Disable this message with one of the following:                                   ?[32m?[1m??[0m
?[32m?[1m??[0m                                                                                   ?[32m?[1m??[0m
?[32m?[1m??[0m src/test/resources/cucumber.properties:          ?[36mcucumber.publish.quiet?[0m=?[36mtrue?[0m      ?[32m?[1m??[0m
?[32m?[1m??[0m src/test/resources/junit-platform.properties:    ?[36mcucumber.publish.quiet?[0m=?[36mtrue?[0m      ?[32m?[1m??[0m
?[32m?[1m??????????????????????????????????????????????????????????????????????????????????????[0m
]]></system-err>
</testsuite>
